0 info it worked if it ends with ok
1 verbose cli [ 'node', '/usr/local/bin/npm', 'install', '--save', 'socket-io' ]
2 info using npm@1.4.28
3 info using node@v0.10.33
4 warn package.json btp@0.0.1 No repository field.
5 verbose readDependencies using package.json deps
6 verbose cache add [ 'socket-io', null ]
7 verbose cache add name=undefined spec="socket-io" args=["socket-io",null]
8 verbose parsed url { protocol: null,
8 verbose parsed url   slashes: null,
8 verbose parsed url   auth: null,
8 verbose parsed url   host: null,
8 verbose parsed url   port: null,
8 verbose parsed url   hostname: null,
8 verbose parsed url   hash: null,
8 verbose parsed url   search: null,
8 verbose parsed url   query: null,
8 verbose parsed url   pathname: 'socket-io',
8 verbose parsed url   path: 'socket-io',
8 verbose parsed url   href: 'socket-io' }
9 silly lockFile 2c2f14e9-socket-io socket-io
10 verbose lock socket-io /Users/ritz078/.npm/2c2f14e9-socket-io.lock
11 silly lockFile 2c2f14e9-socket-io socket-io
12 silly lockFile 2c2f14e9-socket-io socket-io
13 verbose addNamed [ 'socket-io', '' ]
14 verbose addNamed [ null, '*' ]
15 silly lockFile d2f5c91d-socket-io socket-io@
16 verbose lock socket-io@ /Users/ritz078/.npm/d2f5c91d-socket-io.lock
17 silly addNameRange { name: 'socket-io', range: '*', hasData: false }
18 verbose request where is /socket-io
19 verbose request registry https://registry.npmjs.org/
20 verbose request id eda33d0a35c8883d
21 verbose url raw /socket-io
22 verbose url resolving [ 'https://registry.npmjs.org/', './socket-io' ]
23 verbose url resolved https://registry.npmjs.org/socket-io
24 verbose request where is https://registry.npmjs.org/socket-io
25 info trying registry request attempt 1 at 14:53:24
26 http GET https://registry.npmjs.org/socket-io
27 info retry will retry, error on last attempt: Error: getaddrinfo ENOTFOUND
28 info trying registry request attempt 2 at 14:54:04
29 http GET https://registry.npmjs.org/socket-io
30 http 404 https://registry.npmjs.org/socket-io
31 verbose headers { date: 'Mon, 10 Nov 2014 09:23:56 GMT',
31 verbose headers   server: 'CouchDB/1.5.0 (Erlang OTP/R16B03)',
31 verbose headers   'content-type': 'application/json',
31 verbose headers   'cache-control': 'max-age=0',
31 verbose headers   'content-length': '52',
31 verbose headers   'accept-ranges': 'bytes',
31 verbose headers   via: '1.1 varnish',
31 verbose headers   age: '0',
31 verbose headers   'x-served-by': 'cache-lax1431-LAX',
31 verbose headers   'x-cache': 'MISS',
31 verbose headers   'x-cache-hits': '0',
31 verbose headers   'x-timer': 'S1415611436.015985,VS0,VE274',
31 verbose headers   'keep-alive': 'timeout=10, max=50',
31 verbose headers   connection: 'Keep-Alive' }
32 silly registry.get cb [ 404,
32 silly registry.get   { date: 'Mon, 10 Nov 2014 09:23:56 GMT',
32 silly registry.get     server: 'CouchDB/1.5.0 (Erlang OTP/R16B03)',
32 silly registry.get     'content-type': 'application/json',
32 silly registry.get     'cache-control': 'max-age=0',
32 silly registry.get     'content-length': '52',
32 silly registry.get     'accept-ranges': 'bytes',
32 silly registry.get     via: '1.1 varnish',
32 silly registry.get     age: '0',
32 silly registry.get     'x-served-by': 'cache-lax1431-LAX',
32 silly registry.get     'x-cache': 'MISS',
32 silly registry.get     'x-cache-hits': '0',
32 silly registry.get     'x-timer': 'S1415611436.015985,VS0,VE274',
32 silly registry.get     'keep-alive': 'timeout=10, max=50',
32 silly registry.get     connection: 'Keep-Alive' } ]
33 silly lockFile d2f5c91d-socket-io socket-io@
34 silly lockFile d2f5c91d-socket-io socket-io@
35 error 404 404 Not Found: socket-io
35 error 404
35 error 404 'socket-io' is not in the npm registry.
35 error 404 You should bug the author to publish it
35 error 404 It was specified as a dependency of 'btp'
35 error 404
35 error 404 Note that you can also install from a
35 error 404 tarball, folder, or http url, or git url.
36 error System Darwin 14.0.0
37 error command "node" "/usr/local/bin/npm" "install" "--save" "socket-io"
38 error cwd /Users/ritz078/projects/Kalman-Filters-Analysis
39 error node -v v0.10.33
40 error npm -v 1.4.28
41 error code E404
42 verbose exit [ 1, true ]
